app/build/intermediates/manifest_merge_blame_file/debug/processDebugMainManifest/manifest-merger-blame-debug-report.txt
1<?xml version="1.0" encoding="utf-8"?>
2<manifest xmlns:android="http://schemas.android.com/apk/res/android"
3    package="com.sample"
4    android:versionCode="1"
5    android:versionName="1.0" >
6
7    <uses-sdk
8        android:minSdkVersion="24"
9        android:targetSdkVersion="36" />
10
11    <uses-permission android:name="android.permission.FOREGROUND_SERVICE" />
11-->[:remotelog] AndroidManifest.xml:7:5-77
11-->[:remotelog] AndroidManifest.xml:7:22-74
12    <uses-permission android:name="android.permission.FOREGROUND_SERVICE_DATA_SYNC" />
12-->[:remotelog] AndroidManifest.xml:8:5-87
12-->[:remotelog] AndroidManifest.xml:8:22-84
13    <uses-permission android:name="android.permission.POST_NOTIFICATIONS" />
13-->[:remotelog] AndroidManifest.xml:9:5-77
13-->[:remotelog] AndroidManifest.xml:9:22-74
14    <uses-permission android:name="android.permission.ACCESS_NETWORK_STATE" />
14-->[:remotelog] AndroidManifest.xml:10:5-79
14-->[:remotelog] AndroidManifest.xml:10:22-76
15
16    <permission
16-->[androidx.core:core:1.15.0] AndroidManifest.xml:22:5-24:47
17        android:name="com.sample.DYNAMIC_RECEIVER_NOT_EXPORTED_PERMISSION"
17-->[androidx.core:core:1.15.0] AndroidManifest.xml:23:9-81
18        android:protectionLevel="signature" />
18-->[androidx.core:core:1.15.0] AndroidManifest.xml:24:9-44
19
20    <uses-permission android:name="com.sample.DYNAMIC_RECEIVER_NOT_EXPORTED_PERMISSION" />
20-->[androidx.core:core:1.15.0] AndroidManifest.xml:26:5-97
20-->[androidx.core:core:1.15.0] AndroidManifest.xml:26:22-94
21
22    <application
22-->src/main/AndroidManifest.xml:4:5-18:19
23        android:name="com.sample.App"
23-->src/main/AndroidManifest.xml:5:9-38
24        android:allowBackup="true"
24-->src/main/AndroidManifest.xml:6:9-35
25        android:appComponentFactory="androidx.core.app.CoreComponentFactory"
25-->[androidx.core:core:1.15.0] AndroidManifest.xml:28:18-86
26        android:debuggable="true"
27        android:extractNativeLibs="false"
28        android:label="RemoteLogger"
28-->src/main/AndroidManifest.xml:7:9-37
29        android:supportsRtl="true"
29-->src/main/AndroidManifest.xml:8:9-35
30        android:testOnly="true" >
31        <activity
31-->src/main/AndroidManifest.xml:9:9-17:20
32            android:name="com.sample.MainActivity"
32-->src/main/AndroidManifest.xml:10:13-51
33            android:exported="true" >
33-->src/main/AndroidManifest.xml:11:13-36
34            <intent-filter>
34-->src/main/AndroidManifest.xml:12:13-16:29
35                <action android:name="android.intent.action.MAIN" />
35-->src/main/AndroidManifest.xml:13:17-69
35-->src/main/AndroidManifest.xml:13:25-66
36
37                <category android:name="android.intent.category.LAUNCHER" />
37-->src/main/AndroidManifest.xml:15:17-77
37-->src/main/AndroidManifest.xml:15:27-74
38            </intent-filter>
39        </activity>
40
41        <service
41-->[:remotelog] AndroidManifest.xml:13:9-16:56
42            android:name="com.remotelog.RemoteLogcatService"
42-->[:remotelog] AndroidManifest.xml:14:13-61
43            android:exported="false"
43-->[:remotelog] AndroidManifest.xml:15:13-37
44            android:foregroundServiceType="dataSync" />
44-->[:remotelog] AndroidManifest.xml:16:13-53
45
46        <activity
46-->[:remotelog] AndroidManifest.xml:18:9-20:40
47            android:name="com.remotelog.ReportPreviewActivity"
47-->[:remotelog] AndroidManifest.xml:19:13-63
48            android:exported="false" />
48-->[:remotelog] AndroidManifest.xml:20:13-37
49
50        <provider
50-->[:remotelog] AndroidManifest.xml:22:9-30:20
51            android:name="androidx.core.content.FileProvider"
51-->[:remotelog] AndroidManifest.xml:23:13-62
52            android:authorities="com.sample.remotelog.fileprovider"
52-->[:remotelog] AndroidManifest.xml:24:13-74
53            android:exported="false"
53-->[:remotelog] AndroidManifest.xml:25:13-37
54            android:grantUriPermissions="true" >
54-->[:remotelog] AndroidManifest.xml:26:13-47
55            <meta-data
55-->[:remotelog] AndroidManifest.xml:27:13-29:64
56                android:name="android.support.FILE_PROVIDER_PATHS"
56-->[:remotelog] AndroidManifest.xml:28:17-67
57                android:resource="@xml/remotelog_file_paths" />
57-->[:remotelog] AndroidManifest.xml:29:17-61
58        </provider>
59        <provider
59-->[androidx.profileinstaller:profileinstaller:1.3.0] AndroidManifest.xml:24:9-32:20
60            android:name="androidx.startup.InitializationProvider"
60-->[androidx.profileinstaller:profileinstaller:1.3.0] AndroidManifest.xml:25:13-67
61            android:authorities="com.sample.androidx-startup"
61-->[androidx.profileinstaller:profileinstaller:1.3.0] AndroidManifest.xml:26:13-68
62            android:exported="false" >
62-->[androidx.profileinstaller:profileinstaller:1.3.0] AndroidManifest.xml:27:13-37
63            <meta-data
63-->[androidx.profileinstaller:profileinstaller:1.3.0] AndroidManifest.xml:29:13-31:52
64                android:name="androidx.profileinstaller.ProfileInstallerInitializer"
64-->[androidx.profileinstaller:profileinstaller:1.3.0] AndroidManifest.xml:30:17-85
65                android:value="androidx.startup" />
65-->[androidx.profileinstaller:profileinstaller:1.3.0] AndroidManifest.xml:31:17-49
66        </provider>
67
68        <receiver
68-->[androidx.profileinstaller:profileinstaller:1.3.0] AndroidManifest.xml:34:9-52:20
69            android:name="androidx.profileinstaller.ProfileInstallReceiver"
69-->[androidx.profileinstaller:profileinstaller:1.3.0] AndroidManifest.xml:35:13-76
70            android:directBootAware="false"
70-->[androidx.profileinstaller:profileinstaller:1.3.0] AndroidManifest.xml:36:13-44
71            android:enabled="true"
71-->[androidx.profileinstaller:profileinstaller:1.3.0] AndroidManifest.xml:37:13-35
72            android:exported="true"
72-->[androidx.profileinstaller:profileinstaller:1.3.0] AndroidManifest.xml:38:13-36
73            android:permission="android.permission.DUMP" >
73-->[androidx.profileinstaller:profileinstaller:1.3.0] AndroidManifest.xml:39:13-57
74            <intent-filter>
74-->[androidx.profileinstaller:profileinstaller:1.3.0] AndroidManifest.xml:40:13-42:29
75                <action android:name="androidx.profileinstaller.action.INSTALL_PROFILE" />
75-->[androidx.profileinstaller:profileinstaller:1.3.0] AndroidManifest.xml:41:17-91
75-->[androidx.profileinstaller:profileinstaller:1.3.0] AndroidManifest.xml:41:25-88
76            </intent-filter>
77            <intent-filter>
77-->[androidx.profileinstaller:profileinstaller:1.3.0] AndroidManifest.xml:43:13-45:29
78                <action android:name="androidx.profileinstaller.action.SKIP_FILE" />
78-->[androidx.profileinstaller:profileinstaller:1.3.0] AndroidManifest.xml:44:17-85
78-->[androidx.profileinstaller:profileinstaller:1.3.0] AndroidManifest.xml:44:25-82
79            </intent-filter>
80            <intent-filter>
80-->[androidx.profileinstaller:profileinstaller:1.3.0] AndroidManifest.xml:46:13-48:29
81                <action android:name="androidx.profileinstaller.action.SAVE_PROFILE" />
81-->[androidx.profileinstaller:profileinstaller:1.3.0] AndroidManifest.xml:47:17-88
81-->[androidx.profileinstaller:profileinstaller:1.3.0] AndroidManifest.xml:47:25-85
82            </intent-filter>
83            <intent-filter>
83-->[androidx.profileinstaller:profileinstaller:1.3.0] AndroidManifest.xml:49:13-51:29
84                <action android:name="androidx.profileinstaller.action.BENCHMARK_OPERATION" />
84-->[androidx.profileinstaller:profileinstaller:1.3.0] AndroidManifest.xml:50:17-95
84-->[androidx.profileinstaller:profileinstaller:1.3.0] AndroidManifest.xml:50:25-92
85            </intent-filter>
86        </receiver>
87    </application>
88
89</manifest>